# JRE version: OpenJDK Runtime Environment (8.0_144-b01) (build 1.8.0_144-1-redhat-b01)
# Java VM: OpenJDK 64-Bit Server VM (25.144-b01 mixed mode windows-amd64 compressed oops)
Heap:
 garbage-first heap   total 262144K, used 46872K [0x00000000c0000000, 0x00000000c0100800, 0x0000000100000000)
  region size 1024K, 35 young (35840K), 7 survivors (7168K)
 Metaspace       used 28430K, capacity 30044K, committed 30336K, reserved 1077248K
  class space    used 2975K, capacity 3415K, committed 3456K, reserved 1048576K
GC Heap History (8 events):
Event: 0.435 GC heap before
{Heap before GC invocations=0 (full 0):
 garbage-first heap   total 262144K, used 14336K [0x00000000c0000000, 0x00000000c0100800, 0x0000000100000000)
  region size 1024K, 14 young (14336K), 0 survivors (0K)
 Metaspace       used 6724K, capacity 6836K, committed 7168K, reserved 1056768K
  class space    used 631K, capacity 663K, committed 768K, reserved 1048576K
Event: 0.439 GC heap after
Heap after GC invocations=1 (full 0):
 garbage-first heap   total 262144K, used 3194K [0x00000000c0000000, 0x00000000c0100800, 0x0000000100000000)
  region size 1024K, 2 young (2048K), 2 survivors (2048K)
 Metaspace       used 6724K, capacity 6836K, committed 7168K, reserved 1056768K
  class space    used 631K, capacity 663K, committed 768K, reserved 1048576K
}
Event: 0.755 GC heap before
{Heap before GC invocations=1 (full 0):
 garbage-first heap   total 262144K, used 20602K [0x00000000c0000000, 0x00000000c0100800, 0x0000000100000000)
  region size 1024K, 19 young (19456K), 2 survivors (2048K)
 Metaspace       used 11139K, capacity 11860K, committed 12032K, reserved 1060864K
  class space    used 1067K, capacity 1244K, committed 1280K, reserved 1048576K
Event: 0.761 GC heap after
Heap after GC invocations=2 (full 0):
 garbage-first heap   total 262144K, used 9089K [0x00000000c0000000, 0x00000000c0100800, 0x0000000100000000)
  region size 1024K, 3 young (3072K), 3 survivors (3072K)
 Metaspace       used 11139K, capacity 11860K, committed 12032K, reserved 1060864K
  class space    used 1067K, capacity 1244K, committed 1280K, reserved 1048576K
}
Event: 1.194 GC heap before
{Heap before GC invocations=2 (full 0):
 garbage-first heap   total 262144K, used 37761K [0x00000000c0000000, 0x00000000c0100800, 0x0000000100000000)
  region size 1024K, 32 young (32768K), 3 survivors (3072K)
 Metaspace       used 19930K, capacity 20992K, committed 21248K, reserved 1069056K
  class space    used 1885K, capacity 2207K, committed 2304K, reserved 1048576K
Event: 1.202 GC heap after
Heap after GC invocations=3 (full 0):
 garbage-first heap   total 262144K, used 17793K [0x00000000c0000000, 0x00000000c0100800, 0x0000000100000000)
  region size 1024K, 12 young (12288K), 12 survivors (12288K)
 Metaspace       used 19930K, capacity 20992K, committed 21248K, reserved 1069056K
  class space    used 1885K, capacity 2207K, committed 2304K, reserved 1048576K
}
Event: 1.692 GC heap before
{Heap before GC invocations=4 (full 0):
 garbage-first heap   total 262144K, used 58753K [0x00000000c0000000, 0x00000000c0100800, 0x0000000100000000)
  region size 1024K, 52 young (53248K), 12 survivors (12288K)
 Metaspace       used 25937K, capacity 27334K, committed 27648K, reserved 1073152K
  class space    used 2649K, capacity 3067K, committed 3072K, reserved 1048576K
Event: 1.703 GC heap after
Heap after GC invocations=5 (full 0):
 garbage-first heap   total 262144K, used 19224K [0x00000000c0000000, 0x00000000c0100800, 0x0000000100000000)
  region size 1024K, 7 young (7168K), 7 survivors (7168K)
 Metaspace       used 25937K, capacity 27334K, committed 27648K, reserved 1073152K
  class space    used 2649K, capacity 3067K, committed 3072K, reserved 1048576K
}

