# JRE version: OpenJDK Runtime Environment (8.0_144-b01) (build 1.8.0_144-1-redhat-b01)
# Java VM: OpenJDK 64-Bit Server VM (25.144-b01 mixed mode windows-amd64 compressed oops)
Heap:
 garbage-first heap   total 262144K, used 47334K [0x00000000c0000000, 0x00000000c0100800, 0x0000000100000000)
  region size 1024K, 37 young (37888K), 20 survivors (20480K)
 Metaspace       used 35623K, capacity 37780K, committed 38044K, reserved 1083392K
  class space    used 3741K, capacity 4450K, committed 4508K, reserved 1048576K
GC Heap History (8 events):
Event: 0.415 GC heap before
{Heap before GC invocations=0 (full 0):
 garbage-first heap   total 262144K, used 14336K [0x00000000c0000000, 0x00000000c0100800, 0x0000000100000000)
  region size 1024K, 14 young (14336K), 0 survivors (0K)
 Metaspace       used 6655K, capacity 6836K, committed 7168K, reserved 1056768K
  class space    used 624K, capacity 663K, committed 768K, reserved 1048576K
Event: 0.418 GC heap after
Heap after GC invocations=1 (full 0):
 garbage-first heap   total 262144K, used 3276K [0x00000000c0000000, 0x00000000c0100800, 0x0000000100000000)
  region size 1024K, 2 young (2048K), 2 survivors (2048K)
 Metaspace       used 6655K, capacity 6836K, committed 7168K, reserved 1056768K
  class space    used 624K, capacity 663K, committed 768K, reserved 1048576K
}
Event: 0.764 GC heap before
{Heap before GC invocations=1 (full 0):
 garbage-first heap   total 262144K, used 20684K [0x00000000c0000000, 0x00000000c0100800, 0x0000000100000000)
  region size 1024K, 19 young (19456K), 2 survivors (2048K)
 Metaspace       used 11363K, capacity 12028K, committed 12160K, reserved 1060864K
  class space    used 1086K, capacity 1284K, committed 1408K, reserved 1048576K
Event: 0.773 GC heap after
Heap after GC invocations=2 (full 0):
 garbage-first heap   total 262144K, used 9498K [0x00000000c0000000, 0x00000000c0100800, 0x0000000100000000)
  region size 1024K, 3 young (3072K), 3 survivors (3072K)
 Metaspace       used 11363K, capacity 12028K, committed 12160K, reserved 1060864K
  class space    used 1086K, capacity 1284K, committed 1408K, reserved 1048576K
}
Event: 1.215 GC heap before
{Heap before GC invocations=2 (full 0):
 garbage-first heap   total 262144K, used 36122K [0x00000000c0000000, 0x00000000c0100800, 0x0000000100000000)
  region size 1024K, 30 young (30720K), 3 survivors (3072K)
 Metaspace       used 20126K, capacity 21258K, committed 21296K, reserved 1069056K
  class space    used 1945K, capacity 2316K, committed 2352K, reserved 1048576K
Event: 1.227 GC heap after
Heap after GC invocations=3 (full 0):
 garbage-first heap   total 262144K, used 17178K [0x00000000c0000000, 0x00000000c0100800, 0x0000000100000000)
  region size 1024K, 10 young (10240K), 10 survivors (10240K)
 Metaspace       used 20126K, capacity 21258K, committed 21296K, reserved 1069056K
  class space    used 1945K, capacity 2316K, committed 2352K, reserved 1048576K
}
Event: 3.589 GC heap before
{Heap before GC invocations=4 (full 0):
 garbage-first heap   total 262144K, used 133914K [0x00000000c0000000, 0x00000000c0100800, 0x0000000100000000)
  region size 1024K, 126 young (129024K), 10 survivors (10240K)
 Metaspace       used 33670K, capacity 35794K, committed 35920K, reserved 1081344K
  class space    used 3521K, capacity 4151K, committed 4176K, reserved 1048576K
Event: 3.612 GC heap after
Heap after GC invocations=5 (full 0):
 garbage-first heap   total 262144K, used 31974K [0x00000000c0000000, 0x00000000c0100800, 0x0000000100000000)
  region size 1024K, 20 young (20480K), 20 survivors (20480K)
 Metaspace       used 33670K, capacity 35794K, committed 35920K, reserved 1081344K
  class space    used 3521K, capacity 4151K, committed 4176K, reserved 1048576K
}

